2020-10-15 09:12:24,629 INFO (StartupInfoLogger.java:48)- Starting PremssionApplication on PC-20200530ZGWW with PID 10992 (started by Administrator in E:\BaiduNetdiskDownload\macbook备份\macbook备份\springboot-shrio-jpa)
2020-10-15 09:12:24,701 DEBUG (StartupInfoLogger.java:51)- Running with Spring Boot v1.5.3.RELEASE, Spring v4.3.8.RELEASE
2020-10-15 09:12:24,702 INFO (SpringApplication.java:637)- No active profile set, falling back to default profiles: default
2020-10-15 09:12:46,978 INFO (StartupInfoLogger.java:57)- Started PremssionApplication in 23.979 seconds (JVM running for 29.919)
2020-10-15 09:14:11,921 INFO (SysUserServiceImpl.java:138)- 用户基本信息：sysUser = {}SysUser(id=7, name=admin1, account=admin2, password=0a566c256207093ca589952d9c437b3a, salt=07a8b764889d015dbd7cdfce9d2a1b5a, forbidden=0, contacts=联系人1, phone=电话1, address=null, zhuYing=null, wangZhi=null, beiZhu=null, weiXin=null, updateTime=2020-08-25 14:27:33.0, createTime=2020-08-26 09:31:06.0)
2020-10-15 09:14:12,363 INFO (SysUserServiceImpl.java:149)- 用户角色：sysRoles = {}[SysRole(id=8, name=普通会员, grade=10, remark=普通会员)]
2020-10-15 09:29:12,664 INFO (StartupInfoLogger.java:48)- Starting PremssionApplication on PC-20200530ZGWW with PID 4708 (started by Administrator in E:\BaiduNetdiskDownload\macbook备份\macbook备份\springboot-shrio-jpa)
2020-10-15 09:29:12,667 DEBUG (StartupInfoLogger.java:51)- Running with Spring Boot v1.5.3.RELEASE, Spring v4.3.8.RELEASE
2020-10-15 09:29:12,667 INFO (SpringApplication.java:637)- No active profile set, falling back to default profiles: default
2020-10-15 09:29:23,188 INFO (StartupInfoLogger.java:57)- Started PremssionApplication in 11.195 seconds (JVM running for 12.716)
2020-10-15 09:41:13,889 INFO (StartupInfoLogger.java:48)- Starting PremssionApplication on PC-20200530ZGWW with PID 9480 (started by Administrator in E:\BaiduNetdiskDownload\macbook备份\macbook备份\springboot-shrio-jpa)
2020-10-15 09:41:13,893 DEBUG (StartupInfoLogger.java:51)- Running with Spring Boot v1.5.3.RELEASE, Spring v4.3.8.RELEASE
2020-10-15 09:41:13,894 INFO (SpringApplication.java:637)- No active profile set, falling back to default profiles: default
2020-10-15 09:41:24,324 INFO (StartupInfoLogger.java:57)- Started PremssionApplication in 11.012 seconds (JVM running for 13.258)
2020-10-15 09:44:36,861 INFO (StartupInfoLogger.java:48)- Starting PremssionApplication on PC-20200530ZGWW with PID 4784 (started by Administrator in E:\BaiduNetdiskDownload\macbook备份\macbook备份\springboot-shrio-jpa)
2020-10-15 09:44:36,864 DEBUG (StartupInfoLogger.java:51)- Running with Spring Boot v1.5.3.RELEASE, Spring v4.3.8.RELEASE
2020-10-15 09:44:36,864 INFO (SpringApplication.java:637)- No active profile set, falling back to default profiles: default
2020-10-15 09:44:47,181 INFO (StartupInfoLogger.java:57)- Started PremssionApplication in 10.961 seconds (JVM running for 12.477)
2020-10-15 09:46:39,061 INFO (StartupInfoLogger.java:48)- Starting PremssionApplication on PC-20200530ZGWW with PID 2152 (started by Administrator in E:\BaiduNetdiskDownload\macbook备份\macbook备份\springboot-shrio-jpa)
2020-10-15 09:46:39,064 DEBUG (StartupInfoLogger.java:51)- Running with Spring Boot v1.5.3.RELEASE, Spring v4.3.8.RELEASE
2020-10-15 09:46:39,064 INFO (SpringApplication.java:637)- No active profile set, falling back to default profiles: default
2020-10-15 09:46:49,378 INFO (StartupInfoLogger.java:57)- Started PremssionApplication in 10.931 seconds (JVM running for 12.252)
2020-10-15 09:51:31,471 INFO (StartupInfoLogger.java:48)- Starting PremssionApplication on PC-20200530ZGWW with PID 1400 (started by Administrator in E:\BaiduNetdiskDownload\macbook备份\macbook备份\springboot-shrio-jpa)
2020-10-15 09:51:31,475 DEBUG (StartupInfoLogger.java:51)- Running with Spring Boot v1.5.3.RELEASE, Spring v4.3.8.RELEASE
2020-10-15 09:51:31,475 INFO (SpringApplication.java:637)- No active profile set, falling back to default profiles: default
2020-10-15 09:51:41,823 INFO (StartupInfoLogger.java:57)- Started PremssionApplication in 10.926 seconds (JVM running for 12.451)
2020-10-15 09:54:07,584 INFO (StartupInfoLogger.java:48)- Starting PremssionApplication on PC-20200530ZGWW with PID 10576 (started by Administrator in E:\BaiduNetdiskDownload\macbook备份\macbook备份\springboot-shrio-jpa)
2020-10-15 09:54:07,587 DEBUG (StartupInfoLogger.java:51)- Running with Spring Boot v1.5.3.RELEASE, Spring v4.3.8.RELEASE
2020-10-15 09:54:07,587 INFO (SpringApplication.java:637)- No active profile set, falling back to default profiles: default
2020-10-15 09:54:17,723 INFO (StartupInfoLogger.java:57)- Started PremssionApplication in 10.738 seconds (JVM running for 12.096)
2020-10-15 09:56:22,562 INFO (StartupInfoLogger.java:48)- Starting PremssionApplication on PC-20200530ZGWW with PID 7992 (started by Administrator in E:\BaiduNetdiskDownload\macbook备份\macbook备份\springboot-shrio-jpa)
2020-10-15 09:56:22,565 DEBUG (StartupInfoLogger.java:51)- Running with Spring Boot v1.5.3.RELEASE, Spring v4.3.8.RELEASE
2020-10-15 09:56:22,565 INFO (SpringApplication.java:637)- No active profile set, falling back to default profiles: default
2020-10-15 09:56:33,086 INFO (StartupInfoLogger.java:57)- Started PremssionApplication in 11.066 seconds (JVM running for 12.724)
2020-10-15 09:56:53,583 ERROR (SysUserServiceImpl.java:164)- 1
2020-10-15 09:57:01,977 INFO (SysUserServiceImpl.java:180)- 用户更新：sysUserSave = {}SysUser(id=7, name=null, account=null, password=null, salt=null, forbidden=null, contacts=null, phone=null, address=null, zhuYing=null, wangZhi=null, beiZhu=null, weiXin=null, updateTime=Thu Oct 15 09:57:01 CST 2020, createTime=null)
2020-10-15 09:59:36,861 INFO (StartupInfoLogger.java:48)- Starting PremssionApplication on PC-20200530ZGWW with PID 3416 (started by Administrator in E:\BaiduNetdiskDownload\macbook备份\macbook备份\springboot-shrio-jpa)
2020-10-15 09:59:36,863 DEBUG (StartupInfoLogger.java:51)- Running with Spring Boot v1.5.3.RELEASE, Spring v4.3.8.RELEASE
2020-10-15 09:59:36,863 INFO (SpringApplication.java:637)- No active profile set, falling back to default profiles: default
2020-10-15 09:59:46,938 INFO (StartupInfoLogger.java:57)- Started PremssionApplication in 10.568 seconds (JVM running for 12.035)
2020-10-15 10:02:14,142 INFO (SysUserServiceImpl.java:180)- 用户更新：sysUserSave = {}SysUser(id=9, name=null, account=null, password=null, salt=null, forbidden=null, contacts=null, phone=null, address=null, zhuYing=null, wangZhi=null, beiZhu=null, weiXin=null, updateTime=Thu Oct 15 10:02:13 CST 2020, createTime=null)
2020-10-15 10:08:01,254 INFO (StartupInfoLogger.java:48)- Starting PremssionApplication on PC-20200530ZGWW with PID 4048 (started by Administrator in E:\BaiduNetdiskDownload\macbook备份\macbook备份\springboot-shrio-jpa)
2020-10-15 10:08:01,257 DEBUG (StartupInfoLogger.java:51)- Running with Spring Boot v1.5.3.RELEASE, Spring v4.3.8.RELEASE
2020-10-15 10:08:01,258 INFO (SpringApplication.java:637)- No active profile set, falling back to default profiles: default
2020-10-15 10:08:12,405 INFO (StartupInfoLogger.java:57)- Started PremssionApplication in 11.985 seconds (JVM running for 13.965)
2020-10-15 10:10:27,877 INFO (StartupInfoLogger.java:48)- Starting PremssionApplication on PC-20200530ZGWW with PID 5720 (started by Administrator in E:\BaiduNetdiskDownload\macbook备份\macbook备份\springboot-shrio-jpa)
2020-10-15 10:10:27,882 DEBUG (StartupInfoLogger.java:51)- Running with Spring Boot v1.5.3.RELEASE, Spring v4.3.8.RELEASE
2020-10-15 10:10:27,882 INFO (SpringApplication.java:637)- No active profile set, falling back to default profiles: default
2020-10-15 10:10:38,694 INFO (StartupInfoLogger.java:57)- Started PremssionApplication in 11.476 seconds (JVM running for 13.242)
2020-10-15 10:16:53,178 INFO (StartupInfoLogger.java:48)- Starting PremssionApplication on PC-20200530ZGWW with PID 10676 (started by Administrator in E:\BaiduNetdiskDownload\macbook备份\macbook备份\springboot-shrio-jpa)
2020-10-15 10:16:53,182 DEBUG (StartupInfoLogger.java:51)- Running with Spring Boot v1.5.3.RELEASE, Spring v4.3.8.RELEASE
2020-10-15 10:16:53,182 INFO (SpringApplication.java:637)- No active profile set, falling back to default profiles: default
2020-10-15 10:17:03,612 INFO (StartupInfoLogger.java:57)- Started PremssionApplication in 11.031 seconds (JVM running for 12.55)
